0 verbose cli C:\Program Files\nodejs\node.exe C:\Program Files\nodejs\node_modules\npm\bin\npm-cli.js
1 info using npm@10.5.0
2 info using node@v20.12.2
3 timing npm:load:whichnode Completed in 4ms
4 timing config:load:defaults Completed in 4ms
5 timing config:load:file:C:\Program Files\nodejs\node_modules\npm\npmrc Completed in 4ms
6 timing config:load:builtin Completed in 5ms
7 timing config:load:cli Completed in 2ms
8 timing config:load:env Completed in 0ms
9 timing config:load:project Completed in 3ms
10 timing config:load:file:C:\Users\CT67CA\.npmrc Completed in 3ms
11 timing config:load:user Completed in 3ms
12 timing config:load:file:C:\Users\CT67CA\AppData\Roaming\npm\etc\npmrc Completed in 1ms
13 timing config:load:global Completed in 2ms
14 timing config:load:setEnvs Completed in 0ms
15 timing config:load Completed in 19ms
16 timing npm:load:configload Completed in 19ms
17 timing config:load:flatten Completed in 1ms
18 timing npm:load:mkdirpcache Completed in 1ms
19 timing npm:load:mkdirplogs Completed in 2ms
20 verbose title npm prefix
21 verbose argv "prefix" "--global"
22 timing npm:load:setTitle Completed in 1ms
23 timing npm:load:display Completed in 1ms
24 verbose logfile logs-max:10 dir:C:\Users\CT67CA\Desktop\TRILHA DEV Front-End\create-a-movie-rating-app-1\clean\_logs\2024-05-28T13_59_48_020Z-
25 verbose logfile C:\Users\CT67CA\Desktop\TRILHA DEV Front-End\create-a-movie-rating-app-1\clean\_logs\2024-05-28T13_59_48_020Z-debug-0.log
26 timing npm:load:logFile Completed in 10ms
27 timing npm:load:timers Completed in 0ms
28 timing npm:load:configScope Completed in 0ms
29 timing npm:load Completed in 71ms
30 timing command:prefix Completed in 1ms
31 verbose exit 0
32 timing npm Completed in 223ms
33 info ok
